<?xml version="1.0" encoding="UTF-8"?>
<!-- Generated by org.testng.reporters.JUnitReportReporter -->
<testsuite hostname="DESKTOP-30FNJH5" name="pkg1.datadriventesting" tests="4" failures="0" timestamp="15 Mar 2021 03:31:46 GMT" time="0.048" errors="0">
  <testcase name="testcase1323" time="0.004" classname="pkg1.datadriventesting"/>
  <testcase name="testcase1333" time="0.016" classname="pkg1.datadriventesting"/>
  <testcase name="testcase133" time="0.003" classname="pkg1.datadriventesting"/>
  <testcase name="testcase1223" time="0.025" classname="pkg1.datadriventesting"/>
</testsuite> <!-- pkg1.datadriventesting -->
